# JRE version: OpenJDK Runtime Environment (8.0_152-b01) (build 1.8.0_152-release-915-b01)
# Java VM: OpenJDK 64-Bit Server VM (25.152-b01 mixed mode windows-amd64 compressed oops)
Heap:
 PSYoungGen      total 157184K, used 37187K [0x00000000eab00000, 0x00000000f6000000, 0x0000000100000000)
  eden space 134144K, 20% used [0x00000000eab00000,0x00000000ec5925a0,0x00000000f2e00000)
  from space 23040K, 43% used [0x00000000f4980000,0x00000000f533e968,0x00000000f6000000)
  to   space 25600K, 0% used [0x00000000f2e00000,0x00000000f2e00000,0x00000000f4700000)
 ParOldGen       total 152576K, used 43948K [0x00000000c0000000, 0x00000000c9500000, 0x00000000eab00000)
  object space 152576K, 28% used [0x00000000c0000000,0x00000000c2aeb268,0x00000000c9500000)
 Metaspace       used 65635K, capacity 68386K, committed 68568K, reserved 1107968K
  class space    used 8717K, capacity 9416K, committed 9472K, reserved 1048576K
GC Heap History (10 events):
Event: 37.100 GC heap before
{Heap before GC invocations=15 (full 2):
 PSYoungGen      total 96768K, used 96745K [0x00000000eab00000, 0x00000000f1980000, 0x0000000100000000)
  eden space 83456K, 100% used [0x00000000eab00000,0x00000000efc80000,0x00000000efc80000)
  from space 13312K, 99% used [0x00000000f0b80000,0x00000000f187a4c0,0x00000000f1880000)
  to   space 14848K, 0% used [0x00000000efc80000,0x00000000efc80000,0x00000000f0b00000)
 ParOldGen       total 108032K, used 15255K [0x00000000c0000000, 0x00000000c6980000, 0x00000000eab00000)
  object space 108032K, 14% used [0x00000000c0000000,0x00000000c0ee5d38,0x00000000c6980000)
 Metaspace       used 56030K, capacity 57858K, committed 57944K, reserved 1099776K
  class space    used 7558K, capacity 8031K, committed 8064K, reserved 1048576K
Event: 37.114 GC heap after
Heap after GC invocations=15 (full 2):
 PSYoungGen      total 98304K, used 14828K [0x00000000eab00000, 0x00000000f3000000, 0x0000000100000000)
  eden space 83456K, 0% used [0x00000000eab00000,0x00000000eab00000,0x00000000efc80000)
  from space 14848K, 99% used [0x00000000efc80000,0x00000000f0afb308,0x00000000f0b00000)
  to   space 18432K, 0% used [0x00000000f1e00000,0x00000000f1e00000,0x00000000f3000000)
 ParOldGen       total 108032K, used 19425K [0x00000000c0000000, 0x00000000c6980000, 0x00000000eab00000)
  object space 108032K, 17% used [0x00000000c0000000,0x00000000c12f8618,0x00000000c6980000)
 Metaspace       used 56030K, capacity 57858K, committed 57944K, reserved 1099776K
  class space    used 7558K, capacity 8031K, committed 8064K, reserved 1048576K
}
Event: 37.548 GC heap before
{Heap before GC invocations=16 (full 2):
 PSYoungGen      total 98304K, used 98284K [0x00000000eab00000, 0x00000000f3000000, 0x0000000100000000)
  eden space 83456K, 100% used [0x00000000eab00000,0x00000000efc80000,0x00000000efc80000)
  from space 14848K, 99% used [0x00000000efc80000,0x00000000f0afb308,0x00000000f0b00000)
  to   space 18432K, 0% used [0x00000000f1e00000,0x00000000f1e00000,0x00000000f3000000)
 ParOldGen       total 108032K, used 19425K [0x00000000c0000000, 0x00000000c6980000, 0x00000000eab00000)
  object space 108032K, 17% used [0x00000000c0000000,0x00000000c12f8618,0x00000000c6980000)
 Metaspace       used 56707K, capacity 58604K, committed 58840K, reserved 1099776K
  class space    used 7661K, capacity 8147K, committed 8192K, reserved 1048576K
Event: 37.588 GC heap after
Heap after GC invocations=16 (full 2):
 PSYoungGen      total 112640K, used 18428K [0x00000000eab00000, 0x00000000f4a80000, 0x0000000100000000)
  eden space 94208K, 0% used [0x00000000eab00000,0x00000000eab00000,0x00000000f0700000)
  from space 18432K, 99% used [0x00000000f1e00000,0x00000000f2fff2f8,0x00000000f3000000)
  to   space 23552K, 0% used [0x00000000f0700000,0x00000000f0700000,0x00000000f1e00000)
 ParOldGen       total 108032K, used 26590K [0x00000000c0000000, 0x00000000c6980000, 0x00000000eab00000)
  object space 108032K, 24% used [0x00000000c0000000,0x00000000c19f7af8,0x00000000c6980000)
 Metaspace       used 56707K, capacity 58604K, committed 58840K, reserved 1099776K
  class space    used 7661K, capacity 8147K, committed 8192K, reserved 1048576K
}
Event: 37.807 GC heap before
{Heap before GC invocations=17 (full 2):
 PSYoungGen      total 112640K, used 38902K [0x00000000eab00000, 0x00000000f4a80000, 0x0000000100000000)
  eden space 94208K, 21% used [0x00000000eab00000,0x00000000ebefe678,0x00000000f0700000)
  from space 18432K, 99% used [0x00000000f1e00000,0x00000000f2fff2f8,0x00000000f3000000)
  to   space 23552K, 0% used [0x00000000f0700000,0x00000000f0700000,0x00000000f1e00000)
 ParOldGen       total 108032K, used 26590K [0x00000000c0000000, 0x00000000c6980000, 0x00000000eab00000)
  object space 108032K, 24% used [0x00000000c0000000,0x00000000c19f7af8,0x00000000c6980000)
 Metaspace       used 56983K, capacity 58948K, committed 59028K, reserved 1099776K
  class space    used 7734K, capacity 8191K, committed 8192K, reserved 1048576K
Event: 37.825 GC heap after
Heap after GC invocations=17 (full 2):
 PSYoungGen      total 117760K, used 22044K [0x00000000eab00000, 0x00000000f6380000, 0x0000000100000000)
  eden space 94208K, 0% used [0x00000000eab00000,0x00000000eab00000,0x00000000f0700000)
  from space 23552K, 93% used [0x00000000f0700000,0x00000000f1c872f8,0x00000000f1e00000)
  to   space 26624K, 0% used [0x00000000f4980000,0x00000000f4980000,0x00000000f6380000)
 ParOldGen       total 108032K, used 26598K [0x00000000c0000000, 0x00000000c6980000, 0x00000000eab00000)
  object space 108032K, 24% used [0x00000000c0000000,0x00000000c19f9af8,0x00000000c6980000)
 Metaspace       used 56983K, capacity 58948K, committed 59028K, reserved 1099776K
  class space    used 7734K, capacity 8191K, committed 8192K, reserved 1048576K
}
Event: 37.825 GC heap before
{Heap before GC invocations=18 (full 3):
 PSYoungGen      total 117760K, used 22044K [0x00000000eab00000, 0x00000000f6380000, 0x0000000100000000)
  eden space 94208K, 0% used [0x00000000eab00000,0x00000000eab00000,0x00000000f0700000)
  from space 23552K, 93% used [0x00000000f0700000,0x00000000f1c872f8,0x00000000f1e00000)
  to   space 26624K, 0% used [0x00000000f4980000,0x00000000f4980000,0x00000000f6380000)
 ParOldGen       total 108032K, used 26598K [0x00000000c0000000, 0x00000000c6980000, 0x00000000eab00000)
  object space 108032K, 24% used [0x00000000c0000000,0x00000000c19f9af8,0x00000000c6980000)
 Metaspace       used 56983K, capacity 58948K, committed 59028K, reserved 1099776K
  class space    used 7734K, capacity 8191K, committed 8192K, reserved 1048576K
Event: 38.110 GC heap after
Heap after GC invocations=18 (full 3):
 PSYoungGen      total 117760K, used 0K [0x00000000eab00000, 0x00000000f6380000, 0x0000000100000000)
  eden space 94208K, 0% used [0x00000000eab00000,0x00000000eab00000,0x00000000f0700000)
  from space 23552K, 0% used [0x00000000f0700000,0x00000000f0700000,0x00000000f1e00000)
  to   space 26624K, 0% used [0x00000000f4980000,0x00000000f4980000,0x00000000f6380000)
 ParOldGen       total 152576K, used 43921K [0x00000000c0000000, 0x00000000c9500000, 0x00000000eab00000)
  object space 152576K, 28% used [0x00000000c0000000,0x00000000c2ae4618,0x00000000c9500000)
 Metaspace       used 56960K, capacity 58860K, committed 59028K, reserved 1099776K
  class space    used 7727K, capacity 8183K, committed 8192K, reserved 1048576K
}
Event: 62.086 GC heap before
{Heap before GC invocations=19 (full 3):
 PSYoungGen      total 117760K, used 94208K [0x00000000eab00000, 0x00000000f6380000, 0x0000000100000000)
  eden space 94208K, 100% used [0x00000000eab00000,0x00000000f0700000,0x00000000f0700000)
  from space 23552K, 0% used [0x00000000f0700000,0x00000000f0700000,0x00000000f1e00000)
  to   space 26624K, 0% used [0x00000000f4980000,0x00000000f4980000,0x00000000f6380000)
 ParOldGen       total 152576K, used 43921K [0x00000000c0000000, 0x00000000c9500000, 0x00000000eab00000)
  object space 152576K, 28% used [0x00000000c0000000,0x00000000c2ae4618,0x00000000c9500000)
 Metaspace       used 63275K, capacity 65764K, committed 66008K, reserved 1105920K
  class space    used 8508K, capacity 9135K, committed 9216K, reserved 1048576K
Event: 62.097 GC heap after
Heap after GC invocations=19 (full 3):
 PSYoungGen      total 157184K, used 9978K [0x00000000eab00000, 0x00000000f6000000, 0x0000000100000000)
  eden space 134144K, 0% used [0x00000000eab00000,0x00000000eab00000,0x00000000f2e00000)
  from space 23040K, 43% used [0x00000000f4980000,0x00000000f533e968,0x00000000f6000000)
  to   space 25600K, 0% used [0x00000000f2e00000,0x00000000f2e00000,0x00000000f4700000)
 ParOldGen       total 152576K, used 43948K [0x00000000c0000000, 0x00000000c9500000, 0x00000000eab00000)
  object space 152576K, 28% used [0x00000000c0000000,0x00000000c2aeb268,0x00000000c9500000)
 Metaspace       used 63275K, capacity 65764K, committed 66008K, reserved 1105920K
  class space    used 8508K, capacity 9135K, committed 9216K, reserved 1048576K
}

